<?xml version="1.0" encoding="UTF-8"?>
<!-- Generated by org.testng.reporters.JUnitReportReporter -->
<testsuite hostname="DESKTOP-GB3856O" failures="0" tests="1" name="testing.Login" time="0.633" errors="0" timestamp="2024-05-16T13:43:52 IST" skipped="0">
  <testcase classname="testing.Login" name="login" time="0.633"/>
</testsuite> <!-- testing.Login -->
