<?xml version="1.0" encoding="UTF-8"?>
<!-- Generated by org.testng.reporters.JUnitReportReporter -->
<testsuite hostname="DESKTOP-GB3856O" failures="0" tests="1" name="testing.Base" time="0.010" errors="0" timestamp="2024-04-22T16:34:04 IST" skipped="0">
  <testcase classname="testing.Base" name="publi" time="0.010"/>
</testsuite> <!-- testing.Base -->
