<?xml version="1.0" encoding="UTF-8"?>
<!-- Generated by org.testng.reporters.JUnitReportReporter -->
<testsuite hostname="DESKTOP-GB3856O" failures="0" tests="4" name="testing.Login_clean" time="3.370" errors="0" timestamp="2024-05-11T22:36:32 IST" skipped="0">
  <testcase classname="testing.Login_clean" name="loginWithInavalidCred" time="1.439"/>
  <testcase classname="testing.Login_clean" name="loginwithinvalidemail" time="0.633"/>
  <testcase classname="testing.Login_clean" name="loginWithInavlidPass" time="0.629"/>
  <testcase classname="testing.Login_clean" name="login" time="0.669"/>
</testsuite> <!-- testing.Login_clean -->
