<?xml version="1.0" encoding="UTF-8"?>
<!-- Generated by org.testng.reporters.JUnitReportReporter -->
<testsuite hostname="DESKTOP-GB3856O" failures="0" tests="4" name="testing.Category" time="6.457" errors="0" timestamp="2024-05-16T15:30:46 IST" skipped="0">
  <testcase classname="testing.Category" name="login" time="1.213"/>
  <testcase classname="testing.Category" name="category" time="1.282"/>
  <testcase classname="testing.Category" name="Addcategory" time="0.995"/>
  <testcase classname="testing.Category" name="getdata" time="2.967"/>
</testsuite> <!-- testing.Category -->
