<?xml version="1.0" encoding="UTF-8"?>
<!-- Generated by org.testng.reporters.JUnitReportReporter -->
<testsuite hostname="DESKTOP-GB3856O" failures="0" tests="4" name="testing.Login_clean" time="3.854" errors="0" timestamp="2024-05-16T12:55:53 IST" skipped="0">
  <testcase classname="testing.Login_clean" name="loginWithInavalidCred" time="1.973"/>
  <testcase classname="testing.Login_clean" name="loginwithinvalidemail" time="0.612"/>
  <testcase classname="testing.Login_clean" name="loginWithInavlidPass" time="0.693"/>
  <testcase classname="testing.Login_clean" name="login" time="0.576"/>
</testsuite> <!-- testing.Login_clean -->
