<?xml version="1.0" encoding="UTF-8"?>
<!-- Generated by org.testng.reporters.JUnitReportReporter -->
<testsuite hostname="DESKTOP-GB3856O" failures="0" tests="4" name="testing.Dashboard" time="3.698" errors="0" timestamp="2024-05-16T12:38:26 IST" skipped="0">
  <testcase classname="testing.Dashboard" name="loginWithInavalidCred" time="1.888"/>
  <testcase classname="testing.Dashboard" name="loginwithinvalidemail" time="0.645"/>
  <testcase classname="testing.Dashboard" name="loginWithInavlidPass" time="0.616"/>
  <testcase classname="testing.Dashboard" name="login" time="0.549"/>
</testsuite> <!-- testing.Dashboard -->
